<?xml version="1.0" encoding="utf-8"?>
<feed xmlns="http://www.w3.org/2005/Atom">

  <title><![CDATA[Category: Ruby | Blog 1]]></title>
  <link href="https://vincenttam.github.io/blog/categories/ruby/atom.xml" rel="self"/>
  <link href="https://vincenttam.github.io/"/>
  <updated>2017-01-11T15:55:37+00:00</updated>
  <id>https://vincenttam.github.io/</id>
  <author>
    <name><![CDATA[Vincent Tam]]></name>
    
  </author>
  <generator uri="http://octopress.org/">Octopress</generator>

  
  <entry>
    
      <title type="html"><![CDATA[Octopress Config for Ruby 2.3 on Windows 10]]></title>
      <link href="https://vincenttam.github.io/blog/2017/01/10/octopress-config-for-ruby-2-dot-3-on-windows-10/"/>
    
    <updated>2017-01-10T15:38:32+00:00</updated>
    <id>https://vincenttam.github.io/blog/2017/01/10/octopress-config-for-ruby-2-dot-3-on-windows-10</id>
    
      <content type="html"><![CDATA[<h2 id="motivation">Motivation</h2>

<p>Same as the background in <a href="/blog/2017/01/10/upgraded-to-git-for-windows-2-dot-11/">my previous article</a>.</p>

<h2 id="background">Background</h2>

<p>I uninstalled Ruby 2.0 in the Control Panel, and then installed
version 2.3.3 from <a href="https://rubyinstaller.org/">RubyInstaller for Windows</a></p>

<h2 id="problem-1-redcloth-installation-failure">Problem 1: RedCloth installation failure</h2>

<h3 id="error-message">Error message</h3>

<pre class="cli"><code>Gem::InstallError: The 'RedCloth' native gem requires installed build tools.

Please update your PATH to include build tools or download the DevKit
from 'http://rubyinstaller.org/downloads' and follow the instructions
at 'http://github.com/oneclick/rubyinstaller/wiki/Development-Kit'

An error occurred while installing RedCloth (4.2.9), and Bundler cannot
continue.
Make sure that `gem install RedCloth -v '4.2.9'` succeeds before bundling.
</code></pre>

<p>The error message is similar to <a href="http://stackoverflow.com/a/36274233/280189">Joe’s gem install error</a>.
The only difference is that I was installing <a href="http://redcloth.org/">RedCloth</a> 4.9.</p>

<h3 id="solution">Solution</h3>

<p>This failure is due to the absence of a valid path to
<a href="https://rubyinstaller.org/add-ons/devkit/">RubyInstaller Development Kit</a>.  I tried manually adding the
path to the folder for binary executables (default to
<code>C:\RubyDevKit\bin</code>) to <code>PATH</code>, but it’s <em>unsuccessful</em>.  I googled
“Please update your PATH to include build tools” and found
<a href="http://stackoverflow.com/a/36274233/280189">his question</a>, whose third answer explained the function
of <code>devkitvar.bat</code>.  This batch script actually prepended the path of
<em>two</em> folders into <code>PATH</code>.  One is stated above; one is
<code>C:\RubyDevKit\mingw\bin</code>.  Running this batch file changes <code>PATH</code>
<em>temporarily</em>.  A manual configuration in the Control Panel allowed
the system to detect <a href="https://rubyinstaller.org/add-ons/devkit/">DevKit</a>, and this problem was thus
solved.</p>

<h3 id="related-gems">Related gems</h3>

<h4 id="already-installed">Already installed</h4>

<table>
  <thead>
    <tr>
      <th>Name</th>
      <th style="text-align: right">Version Number</th>
    </tr>
  </thead>
  <tbody>
    <tr>
      <td>rake</td>
      <td style="text-align: right">10.4.2</td>
    </tr>
    <tr>
      <td>bundler</td>
      <td style="text-align: right">1.13.7</td>
    </tr>
  </tbody>
</table>

<h4 id="being-installed">Being installed</h4>

<table>
  <thead>
    <tr>
      <th>Name</th>
      <th style="text-align: right">Version Number</th>
      <th style="text-align: center">With native extensions?</th>
    </tr>
  </thead>
  <tbody>
    <tr>
      <td><strong>RedCloth</strong></td>
      <td style="text-align: right">4.2.9</td>
      <td style="text-align: center">✓</td>
    </tr>
    <tr>
      <td><strong>wdm</strong></td>
      <td style="text-align: right">0.1.0</td>
      <td style="text-align: center">✓</td>
    </tr>
    <tr>
      <td>blankslate</td>
      <td style="text-align: right">2.1.2.4</td>
      <td style="text-align: center">✗</td>
    </tr>
    <tr>
      <td>chunky_png</td>
      <td style="text-align: right">1.3.4</td>
      <td style="text-align: center">✗</td>
    </tr>
    <tr>
      <td>coffee-script-source</td>
      <td style="text-align: right">1.9.1</td>
      <td style="text-align: center">✗</td>
    </tr>
    <tr>
      <td>colorator</td>
      <td style="text-align: right">0.1</td>
      <td style="text-align: center">✗</td>
    </tr>
    <tr>
      <td>execjs</td>
      <td style="text-align: right">2.4.0</td>
      <td style="text-align: center">✗</td>
    </tr>
    <tr>
      <td>fast-stemmer</td>
      <td style="text-align: right">1.0.2</td>
      <td style="text-align: center">✓</td>
    </tr>
    <tr>
      <td>ffi</td>
      <td style="text-align: right">1.9.6</td>
      <td style="text-align: center">✗</td>
    </tr>
    <tr>
      <td>hitimes</td>
      <td style="text-align: right">1.2.2</td>
      <td style="text-align: center">✓</td>
    </tr>
    <tr>
      <td>jekyll-gist</td>
      <td style="text-align: right">1.1.0</td>
      <td style="text-align: center">✗</td>
    </tr>
    <tr>
      <td>jekyll-paginate</td>
      <td style="text-align: right">1.1.0</td>
      <td style="text-align: center">✗</td>
    </tr>
    <tr>
      <td>jekyll-sitemap</td>
      <td style="text-align: right">0.8.0</td>
      <td style="text-align: center">✗</td>
    </tr>
    <tr>
      <td>kramdown</td>
      <td style="text-align: right">1.6.0</td>
      <td style="text-align: center">✗</td>
    </tr>
    <tr>
      <td>liquid</td>
      <td style="text-align: right">2.6.2</td>
      <td style="text-align: center">✗</td>
    </tr>
    <tr>
      <td>mercenary</td>
      <td style="text-align: right">0.3.5</td>
      <td style="text-align: center">✗</td>
    </tr>
    <tr>
      <td>multi_json</td>
      <td style="text-align: right">1.11.0</td>
      <td style="text-align: center">✗</td>
    </tr>
    <tr>
      <td>posix-spawn</td>
      <td style="text-align: right">0.3.10</td>
      <td style="text-align: center">✓</td>
    </tr>
    <tr>
      <td>rack</td>
      <td style="text-align: right">1.6.0</td>
      <td style="text-align: center">✗</td>
    </tr>
    <tr>
      <td>rb-fsevent</td>
      <td style="text-align: right">0.9.4</td>
      <td style="text-align: center">✗</td>
    </tr>
    <tr>
      <td>redcarpet</td>
      <td style="text-align: right">3.2.2</td>
      <td style="text-align: center">✓</td>
    </tr>
    <tr>
      <td>safe_yaml</td>
      <td style="text-align: right">1.0.4</td>
      <td style="text-align: center">✗</td>
    </tr>
    <tr>
      <td>sass</td>
      <td style="text-align: right">3.4.13</td>
      <td style="text-align: center">✗</td>
    </tr>
    <tr>
      <td>stringex</td>
      <td style="text-align: right">1.4.0</td>
      <td style="text-align: center">✗</td>
    </tr>
    <tr>
      <td>tilt</td>
      <td style="text-align: right">1.4.1</td>
      <td style="text-align: center">✗</td>
    </tr>
    <tr>
      <td>yajl-ruby</td>
      <td style="text-align: right">1.2.1</td>
      <td style="text-align: center">✓</td>
    </tr>
  </tbody>
</table>

<h2 id="problem-2-wdm-installation-failure">Problem 2: wdm installation failure</h2>

<p>I put the <a href="#wdm" class="cliwide">error message from wdm</a> in a popup dialog.</p>

<div id="wdm" class="noscr">
<pre class="cli"><code>Owner@Owner-PC MINGW64 /c/github/vincenttam.github.io (source)
$ bundle install
Fetching gem metadata from https://rubygems.org/.........
Fetching version metadata from https://rubygems.org/..
Fetching dependency metadata from https://rubygems.org/.
Using rake 10.4.2
Using RedCloth 4.2.9
Using blankslate 2.1.2.4
Installing hitimes 1.2.2 with native extensions
Using chunky_png 1.3.4
Installing fast-stemmer 1.0.2 with native extensions
Using coffee-script-source 1.9.1
Using execjs 2.4.0
Using colorator 0.1
Using multi_json 1.11.0
Using sass 3.4.13
Using rb-fsevent 0.9.4
Using ffi 1.9.6
Using tilt 1.4.1
Using jekyll-gist 1.1.0
Using jekyll-paginate 1.1.0
Using kramdown 1.6.0
Using liquid 2.6.2
Using mercenary 0.3.5
Installing posix-spawn 0.3.10 with native extensions
Installing yajl-ruby 1.2.1 with native extensions
Installing redcarpet 3.2.2 with native extensions
Using safe_yaml 1.0.4
Using jekyll-sitemap 0.8.0
Using rack 1.6.0
Using stringex 1.4.0
Installing wdm 0.1.0 with native extensions
Using bundler 1.13.7
Installing parslet 1.5.0
Installing timers 4.0.1
Installing classifier-reborn 2.0.3
Installing coffee-script 2.3.0
Installing compass-core 1.0.3
Installing compass-import-once 1.0.5
Installing jekyll-sass-converter 1.3.0
Installing sass-globbing 1.0.0
Installing rb-inotify 0.9.5
Installing haml 4.0.6
Installing pygments.rb 0.6.2
Installing rack-protection 1.5.3
Gem::Ext::BuildError: ERROR: Failed to build gem native extension.

    current directory: C:/Ruby23-x64/lib/ruby/gems/2.3.0/gems/wdm-0.1.0/ext/wdm
C:/Ruby23-x64/bin/ruby.exe -r ./siteconf20170109-8020-1n4s35m.rb extconf.rb
checking for main() in -lkernel32... yes
checking for windows.h... yes
checking for ruby.h... yes
checking for HAVE_RUBY_ENCODING_H... yes
creating Makefile

To see why this extension failed to compile, please check the mkmf.log which can
be found here:



current directory: C:/Ruby23-x64/lib/ruby/gems/2.3.0/gems/wdm-0.1.0/ext/wdm
make "DESTDIR=" clean

current directory: C:/Ruby23-x64/lib/ruby/gems/2.3.0/gems/wdm-0.1.0/ext/wdm
make "DESTDIR="
generating wdm_ext-x64-mingw32.def
compiling entry.c
In file included from entry.c:1:0:
wdm.h:3:0: warning: "WINVER" redefined [enabled by default]
In file included from
4-mingw32/include/crtdefs.h:10:0,
from
4-mingw32/include/stdio.h:9,
                 from wdm.h:1,
                 from entry.c:1:
4-mingw32/include/_mingw.h:248:0:
note: this is the location of the previous definition
In file included from entry.c:1:0:
wdm.h:4:0: warning: "_WIN32_WINNT" redefined [enabled by default]
&lt;command-line&gt;:0:0: note: this is the location of the previous definition
In file included from c:/Ruby23-x64/include/ruby-2.3.0/ruby/win32.h:41:0,
                 from c:/Ruby23-x64/include/ruby-2.3.0/ruby/defines.h:168,
                 from c:/Ruby23-x64/include/ruby-2.3.0/ruby/ruby.h:36,
                 from c:/Ruby23-x64/include/ruby-2.3.0/ruby.h:33,
                 from wdm.h:12,
                 from entry.c:1:
4-mingw32/include/winsock2.h:15:2:
warning: #warning Please include winsock2.h before windows.h [-Wcpp]
compiling memory.c
In file included from memory.c:1:0:
wdm.h:3:0: warning: "WINVER" redefined [enabled by default]
In file included from
4-mingw32/include/crtdefs.h:10:0,
from
4-mingw32/include/stdio.h:9,
                 from wdm.h:1,
                 from memory.c:1:
4-mingw32/include/_mingw.h:248:0:
note: this is the location of the previous definition
In file included from memory.c:1:0:
wdm.h:4:0: warning: "_WIN32_WINNT" redefined [enabled by default]
&lt;command-line&gt;:0:0: note: this is the location of the previous definition
In file included from c:/Ruby23-x64/include/ruby-2.3.0/ruby/win32.h:41:0,
                 from c:/Ruby23-x64/include/ruby-2.3.0/ruby/defines.h:168,
                 from c:/Ruby23-x64/include/ruby-2.3.0/ruby/ruby.h:36,
                 from c:/Ruby23-x64/include/ruby-2.3.0/ruby.h:33,
                 from wdm.h:12,
                 from memory.c:1:
4-mingw32/include/winsock2.h:15:2:
warning: #warning Please include winsock2.h before windows.h [-Wcpp]
compiling monitor.c
In file included from monitor.c:1:0:
wdm.h:3:0: warning: "WINVER" redefined [enabled by default]
In file included from
4-mingw32/include/crtdefs.h:10:0,
from
4-mingw32/include/stdio.h:9,
                 from wdm.h:1,
                 from monitor.c:1:
4-mingw32/include/_mingw.h:248:0:
note: this is the location of the previous definition
In file included from monitor.c:1:0:
wdm.h:4:0: warning: "_WIN32_WINNT" redefined [enabled by default]
&lt;command-line&gt;:0:0: note: this is the location of the previous definition
In file included from c:/Ruby23-x64/include/ruby-2.3.0/ruby/win32.h:41:0,
                 from c:/Ruby23-x64/include/ruby-2.3.0/ruby/defines.h:168,
                 from c:/Ruby23-x64/include/ruby-2.3.0/ruby/ruby.h:36,
                 from c:/Ruby23-x64/include/ruby-2.3.0/ruby.h:33,
                 from wdm.h:12,
                 from monitor.c:1:
4-mingw32/include/winsock2.h:15:2:
warning: #warning Please include winsock2.h before windows.h [-Wcpp]
compiling queue.c
In file included from queue.c:3:0:
wdm.h:3:0: warning: "WINVER" redefined [enabled by default]
In file included from
4-mingw32/include/vadefs.h:13:0,
from
4-mingw32/include/_mingw_stdarg.h:14,
from
4-mingw32/include/stdarg.h:140,
from
c:\rubydevkit\mingw\bin\../lib/gcc/x86_64-w64-mingw32/4.7.2/include/stdarg.h:1,
                 from queue.c:1:
4-mingw32/include/_mingw.h:248:0:
note: this is the location of the previous definition
In file included from queue.c:3:0:
wdm.h:4:0: warning: "_WIN32_WINNT" redefined [enabled by default]
&lt;command-line&gt;:0:0: note: this is the location of the previous definition
In file included from c:/Ruby23-x64/include/ruby-2.3.0/ruby/win32.h:41:0,
                 from c:/Ruby23-x64/include/ruby-2.3.0/ruby/defines.h:168,
                 from c:/Ruby23-x64/include/ruby-2.3.0/ruby/ruby.h:36,
                 from c:/Ruby23-x64/include/ruby-2.3.0/ruby.h:33,
                 from wdm.h:12,
                 from queue.c:3:
4-mingw32/include/winsock2.h:15:2:
warning: #warning Please include winsock2.h before windows.h [-Wcpp]
compiling rb_change.c
In file included from rb_change.c:4:0:
wdm.h:3:0: warning: "WINVER" redefined [enabled by default]
In file included from
4-mingw32/include/crtdefs.h:10:0,
from
4-mingw32/include/stdlib.h:9,
                 from rb_change.c:1:
4-mingw32/include/_mingw.h:248:0:
note: this is the location of the previous definition
In file included from rb_change.c:4:0:
wdm.h:4:0: warning: "_WIN32_WINNT" redefined [enabled by default]
&lt;command-line&gt;:0:0: note: this is the location of the previous definition
In file included from c:/Ruby23-x64/include/ruby-2.3.0/ruby/win32.h:41:0,
                 from c:/Ruby23-x64/include/ruby-2.3.0/ruby/defines.h:168,
                 from c:/Ruby23-x64/include/ruby-2.3.0/ruby/ruby.h:36,
                 from c:/Ruby23-x64/include/ruby-2.3.0/ruby.h:33,
                 from wdm.h:12,
                 from rb_change.c:4:
4-mingw32/include/winsock2.h:15:2:
warning: #warning Please include winsock2.h before windows.h [-Wcpp]
compiling rb_monitor.c
In file included from rb_monitor.c:1:0:
wdm.h:3:0: warning: "WINVER" redefined [enabled by default]
In file included from
4-mingw32/include/crtdefs.h:10:0,
from
4-mingw32/include/stdio.h:9,
                 from wdm.h:1,
                 from rb_monitor.c:1:
4-mingw32/include/_mingw.h:248:0:
note: this is the location of the previous definition
In file included from rb_monitor.c:1:0:
wdm.h:4:0: warning: "_WIN32_WINNT" redefined [enabled by default]
&lt;command-line&gt;:0:0: note: this is the location of the previous definition
In file included from c:/Ruby23-x64/include/ruby-2.3.0/ruby/win32.h:41:0,
                 from c:/Ruby23-x64/include/ruby-2.3.0/ruby/defines.h:168,
                 from c:/Ruby23-x64/include/ruby-2.3.0/ruby/ruby.h:36,
                 from c:/Ruby23-x64/include/ruby-2.3.0/ruby.h:33,
                 from wdm.h:12,
                 from rb_monitor.c:1:
4-mingw32/include/winsock2.h:15:2:
warning: #warning Please include winsock2.h before windows.h [-Wcpp]
rb_monitor.c: In function 'rb_monitor_run_bang':
rb_monitor.c:508:9: warning: implicit declaration of function
'rb_thread_blocking_region' [-Wimplicit-function-declaration]
compiling utils.c
In file included from utils.c:1:0:
wdm.h:3:0: warning: "WINVER" redefined [enabled by default]
In file included from
4-mingw32/include/crtdefs.h:10:0,
from
4-mingw32/include/stdio.h:9,
                 from wdm.h:1,
                 from utils.c:1:
4-mingw32/include/_mingw.h:248:0:
note: this is the location of the previous definition
In file included from utils.c:1:0:
wdm.h:4:0: warning: "_WIN32_WINNT" redefined [enabled by default]
&lt;command-line&gt;:0:0: note: this is the location of the previous definition
In file included from c:/Ruby23-x64/include/ruby-2.3.0/ruby/win32.h:41:0,
                 from c:/Ruby23-x64/include/ruby-2.3.0/ruby/defines.h:168,
                 from c:/Ruby23-x64/include/ruby-2.3.0/ruby/ruby.h:36,
                 from c:/Ruby23-x64/include/ruby-2.3.0/ruby.h:33,
                 from wdm.h:12,
                 from utils.c:1:
4-mingw32/include/winsock2.h:15:2:
warning: #warning Please include winsock2.h before windows.h [-Wcpp]
compiling wdm.c
In file included from wdm.c:1:0:
wdm.h:3:0: warning: "WINVER" redefined [enabled by default]
In file included from
4-mingw32/include/crtdefs.h:10:0,
from
4-mingw32/include/stdio.h:9,
                 from wdm.h:1,
                 from wdm.c:1:
4-mingw32/include/_mingw.h:248:0:
note: this is the location of the previous definition
In file included from wdm.c:1:0:
wdm.h:4:0: warning: "_WIN32_WINNT" redefined [enabled by default]
&lt;command-line&gt;:0:0: note: this is the location of the previous definition
In file included from c:/Ruby23-x64/include/ruby-2.3.0/ruby/win32.h:41:0,
                 from c:/Ruby23-x64/include/ruby-2.3.0/ruby/defines.h:168,
                 from c:/Ruby23-x64/include/ruby-2.3.0/ruby/ruby.h:36,
                 from c:/Ruby23-x64/include/ruby-2.3.0/ruby.h:33,
                 from wdm.h:12,
                 from wdm.c:1:
4-mingw32/include/winsock2.h:15:2:
warning: #warning Please include winsock2.h before windows.h [-Wcpp]
linking shared-object wdm_ext.so
rb_monitor.o: In function `rb_monitor_run_bang':
C:\Ruby23-x64\lib\ruby\gems\2.3.0\gems\wdm-0.1.0\ext\wdm/rb_monitor.c:508:
undefined reference to `rb_thread_blocking_region'
collect2.exe: error: ld returned 1 exit status
make: *** [wdm_ext.so] Error 1

make failed, exit code 2

Gem files will remain installed in
C:/Ruby23-x64/lib/ruby/gems/2.3.0/gems/wdm-0.1.0 for inspection.
Results logged to
.out

An error occurred while installing wdm (0.1.0), and Bundler cannot continue.
Make sure that `gem install wdm -v '0.1.0'` succeeds before bundling.
</code></pre></div>

<p>From the line</p>

<pre class="cli"><code>wdm.h:4:0: warning: "_WIN32_WINNT" redefined [enabled by default]
</code></pre>

<p>I found <a href="https://github.com/Maher4Ever/wdm/issues/18">wdm issue #18</a>, but I <em>failed</em> to notice that the
problem had been resolved.  I later knew that from
<a href="https://github.com/jekyll/jekyll/issues/3721">Jekyll issue #3721</a>.</p>

<p>After changing the version number of <a href="https://rubygems.org/gems/wdm">wdm</a> to 0.1.1, I could proceed
further.  <a href="#wdmfixed" class="cliwide">The system output</a> was fine.</p>

<div id="wdmfixed" class="noscr">
<pre class="cli"><code>Owner@Owner-PC MINGW64 /c/github/vincenttam.github.io (source)
$ gem install wdm -v '0.1.1'
Building native extensions.  This could take a while...
Successfully installed wdm-0.1.1
Parsing documentation for wdm-0.1.1
Installing ri documentation for wdm-0.1.1
Done installing documentation for wdm after 0 seconds
1 gem installed
Owner@Owner-PC MINGW64 /c/github/vincenttam.github.io (source)
$ bundle install
Fetching gem metadata from https://rubygems.org/..........
Fetching version metadata from https://rubygems.org/..
Fetching dependency metadata from https://rubygems.org/.
Resolving dependencies...
Using rake 10.4.2
Using RedCloth 4.2.9
Using blankslate 2.1.2.4
Using hitimes 1.2.2
Using chunky_png 1.3.4
Using fast-stemmer 1.0.2
Using coffee-script-source 1.9.1
Using execjs 2.4.0
Using colorator 0.1
Using multi_json 1.11.0
Using sass 3.4.13
Using rb-fsevent 0.9.4
Using ffi 1.9.6
Using tilt 1.4.1
Using jekyll-gist 1.1.0
Using jekyll-paginate 1.1.0
Using kramdown 1.6.0
Using liquid 2.6.2
Using mercenary 0.3.5
Using posix-spawn 0.3.10
Using yajl-ruby 1.2.1
Using redcarpet 3.2.2
Using safe_yaml 1.0.4
Using jekyll-sitemap 0.8.0
Using rack 1.6.0
Using stringex 1.4.0
Using wdm 0.1.1 (was 0.1.0)
Using bundler 1.13.7
Using parslet 1.5.0
Using timers 4.0.1
Using classifier-reborn 2.0.3
Using coffee-script 2.3.0
Using compass-core 1.0.3
Using compass-import-once 1.0.5
Using jekyll-sass-converter 1.3.0
Using sass-globbing 1.0.0
Using rb-inotify 0.9.5
Using haml 4.0.6
Using pygments.rb 0.6.2
Using rack-protection 1.5.3
Installing toml 0.1.2
Installing celluloid 0.16.0
Installing jekyll-coffeescript 1.0.1
Installing compass 1.0.3
Installing sinatra 1.4.5
Installing listen 2.8.5
Installing jekyll-watch 1.2.1
Installing jekyll 2.5.3
Installing octopress-hooks 2.6.0
Installing octopress-date-format 2.0.2
Bundle complete! 14 Gemfile dependencies, 50 gems now installed.
Use `bundle show [gemname]` to see where a bundled gem is installed.
Post-install message from compass:
    Compass is charityware. If you love it, please donate on our behalf at http:
//umdf.org/compass Thanks!
</code></pre></div>

<h2 id="problem-3-i-have-a-row-with-justin">Problem 3: I have a row with Justin.</h2>

<p>When I ran <code>rake preview</code>, the follow line appeared.</p>

<pre class="cli"><code>bash: /c/Ruby23-x64/bin/rake: C:/Users/Justin/Projects/rubyinstaller/sandbox/rub
y23_mingw/bin/ruby.exe: bad interpreter: No such file or directory
</code></pre>

<p>I searched “rake install justin projects” on <a href="google.com">Google</a>.
You may follow <a href="http://stackoverflow.com/a/36925869/280189">griest’s advice</a> to have this problem
fixed.  If this link were unluckily dead in the future, you might
leave a comment below after getting rid of Justin at the first line of
<code>/c/Ruby23-x64/bin/rake</code>.</p>

<h2 id="result">Result</h2>

<p><a href="http://octopress.org">Octopress</a> did work on my machine.  Then I re-ran <code>bundle install</code>
under the local repository for <a href="/blog2">my another blog</a>, but the
<a href="/blog/2016/08/20/jekyll-serve-error/"><em>same</em> Celluloid error</a> <em>re-appeared</em>.  I <em>don’t</em> know how to
perform a <a href="https://talk.jekyllrb.com/t/error-while-trying-to-run-jekyll-serve/933/10">celluloid downgrade</a> to version 16.0 under that
repository.  The version number for <a href="https://rubygems.org/gems/celluloid/versions/0.17.3">Celluloid</a> was <em>generated</em> by the
system—I <em>didn’t</em> type it in <code>Gemfile.lock</code>.  As a result, I
switched to <a href="https://msdn.microsoft.com/en-us/commandline/wsl/about">Ubuntu on Windows 10</a>.</p>

]]></content>
    
  </entry>
  
  <entry>
    
      <title type="html"><![CDATA[Certificate Verify Failed During Gem Update]]></title>
      <link href="https://vincenttam.github.io/blog/2015/01/04/certificate-verify-failed-during-gem-update/"/>
    
    <updated>2015-01-04T14:41:05+00:00</updated>
    <id>https://vincenttam.github.io/blog/2015/01/04/certificate-verify-failed-during-gem-update</id>
    
      <content type="html"><![CDATA[<h2 id="background">Background</h2>

<p>I pull the Git commits from the <code>origin</code> of this blog to Git Bash on
M$ Win*.  The <code>Gemfile</code> has changed due to commit <a href="https://github.com/imathis/octopress/commit/fbc3c0b">fbc3c0b</a>.</p>

<h2 id="problem">Problem</h2>

<p>I ran <code>bundle install</code> according to the official documentation, and
got an <em>unexpected error</em>.<sup id="fnref:doc"><a href="#fn:doc" class="footnote">1</a></sup></p>

<pre class="cli"><code><span class="GitHostName">Owner@OWNER-PC</span> <span class="GitPathName">/c/github/vincenttam.github.io (source)</span>
$ bundle install
DL is deprecated, please use Fiddle
Fetching gem metadata from https://rubygems.org/.........
Resolving dependencies...
<span class="err">Bundler could not find compatible versions for gem "sass":
  In snapshot (Gemfile.lock):
    sass (3.2.19)

  In Gemfile:
    compass (~&gt; 1.0.1) x64-mingw32 depends on
      sass (&lt; 3.5, &gt;= 3.3.13) x64-mingw32</span>

Running `<span class="HLCode">bundle update</span>` will rebuild your snapshot from scratch, using only
the gems in your Gemfile, which may resolve the conflict.
</code></pre>

<p><em>Without</em> updated gems, even though everything in the <code>source</code> folder
is <em>correct</em>, one <em>can’t</em> generate an Octopress blog.  <strong>How can one
get the gems updated?</strong></p>

<!-- more -->

<p>I then tried to follow the suggestion, but received <em>another</em> error.</p>

<pre class="cli"><code><span class="GitHostName">Owner@OWNER-PC</span> <span class="GitPathName">/c/github/vincenttam.github.io (source)</span>
Owner@OWNER-PC /c/github/vincenttam.github.io (source)
$ bundle update
DL is deprecated, please use Fiddle
Fetching gem metadata from https://rubygems.org/.........
Resolving dependencies...

<span class="err">Gem::RemoteFetcher::FetchError: SSL_connect returned=1 errno=0 state=SSLv3 read
server certificate B: certificate verify failed (https://rubygems.org/gems/rake-
10.4.2.gem)
An error occurred while installing rake (10.4.2), and Bundler cannot continue.
Make sure that `<span class="HLCode">gem install rake -v '10.4.2'</span>` succeeds before bundling.</span>
</code></pre>

<p>I ran the <strong>command in bold</strong> in the above message, and got <em>similar</em>
messages.</p>

<pre class="cli"><code><span class="GitHostName">Owner@OWNER-PC</span> <span class="GitPathName">/c/github/vincenttam.github.io (source)</span>
$ gem install rake -v '10.4.2'
<span class="err">ERROR:  Could not find a valid gem 'rake' (= 10.4.2), here is why:
          Unable to download data from https://rubygems.org/ - SSL_connect retur
ned=1 errno=0 state=SSLv3 read server certificate B: certificate verify failed (
https://rubygems.org/specs.4.8.gz)</span>
</code></pre>

<h2 id="solution">Solution</h2>

<p>I googled “windows unable to download data from https //rubygems.org/
- ssl_connect returned=1”, and clicked on the
<a href="https://stackoverflow.com/q/19150017" title="SSL Error When installing rubygems, Unable to pull data ...">first Stack Overflow question that I saw</a>.  I quickly
skimmed through the first answer of this question, and read the last
section “Windows note”, which referred interested readers to two
places:</p>

<ol>
  <li>RubyInstaller issue <a href="https://github.com/oneclick/rubyinstaller/issues/249" title="Change OpenSSL certificates path">249</a> on GitHub,</li>
  <li>The second answer of this question.</li>
</ol>

<p>I clicked the first webpage, and quickly jumped to
<a href="https://gist.github.com/luislavena/f064211759ee0f806c88" title="SSL upgrades on rubygems.org and RubyInstaller versions">Luis Lavena’s response</a> to the issue.  Unlike the previous
webpages, I read every word from the beginning to the third section
this time, and read the Stack Overflow question again, before deciding
what to be done.</p>

<p>I followed the instructions in the third section, instead of manually
downloading and inserting the PEM file back to the folder which the
command <code>gem which rubygems</code> returned.</p>

<pre class="cli"><code><span class="GitHostName">Owner@OWNER-PC</span> <span class="GitPathName">/c/github/vincenttam.github.io (source)</span>
$ gem install --local ~/Downloads/rubygems-update-2.0.15.gem
Successfully installed rubygems-update-2.0.15
Parsing documentation for rubygems-update-2.0.15
Installing ri documentation for rubygems-update-2.0.15
1 gem installed

<span class="GitHostName">Owner@OWNER-PC</span> <span class="GitPathName">/c/github/vincenttam.github.io (source)</span>
$ update_rubygems --no-ri --no-rdoc
RubyGems 2.0.15 installed

=== 2.0.14 / 2013-11-12

Bug fixes:

* Restore concurrent requires following the fix for ruby bug #8374.  Pull
  request #637 and issue #640 by Charles Nutter.
* Gem::Specification::remove_spec no longer checks for existence of the spec
  to be removed.  Issue #698 by Tiago Macedo.
* Restored wildcard handling when installing gems.  Issue #697 by Chuck Remes.
* Added DigiCert High Assurance EV Root CA certificate for the cloudfront.net
  certificate change.
* The Gem::RemoteFetcher tests now choose the test server port more reliably.
  Pull Request #706 by akr.


------------------------------------------------------------------------------

RubyGems installed the following executables:
        c:/Ruby200-x64/bin/gem

<span class="GitHostName">Owner@OWNER-PC</span> <span class="GitPathName">/c/github/vincenttam.github.io (source)</span>
$ gem uninstall rubygems-update -x
Removing update_rubygems
Successfully uninstalled rubygems-update-2.0.15
</code></pre>

<p>Then I ran <code>bundle install</code> <em>again</em>, and I still got the <em>same</em> error
shown at the very beginning of the post.  However, I <em>could</em> update the
gems.</p>

<pre class="cli"><code><span class="GitHostName">Owner@OWNER-PC</span> <span class="GitPathName">/c/github/vincenttam.github.io (source)</span>
$ bundle update
DL is deprecated, please use Fiddle
Fetching gem metadata from https://rubygems.org/.........
Resolving dependencies...
<span class="HLCode">Installing rake 10.4.2 (was 10.3.2)</span>
Using RedCloth 4.2.9
Using blankslate 2.1.2.4
Installing hitimes 1.2.2
Installing timers 4.0.1 (was 1.1.0)
Installing celluloid 0.16.0 (was 0.15.2)
Installing chunky_png 1.3.3 (was 1.3.1)
Using fast-stemmer 1.0.2
Installing classifier-reborn 2.0.3 (was 2.0.1)
Using coffee-script-source 1.8.0
Installing execjs 2.2.2 (was 2.2.1)
Using coffee-script 2.3.0
Using colorator 0.1
Installing multi_json 1.10.1
Installing sass 3.4.9 (was 3.2.19)
Installing compass-core 1.0.1
Installing compass-import-once 1.0.5
Using rb-fsevent 0.9.4
Installing ffi 1.9.6 (was 1.9.3)
Using rb-inotify 0.9.5
Installing compass 1.0.1 (was 0.12.7)
Using tilt 1.4.1
Installing haml 4.0.6 (was 4.0.5)
Installing jekyll-coffeescript 1.0.1 (was 1.0.0)
Using jekyll-gist 1.1.0
Installing jekyll-paginate 1.1.0 (was 1.0.0)
Installing jekyll-sass-converter 1.3.0 (was 1.2.0)
Installing listen 2.8.4 (was 2.7.9)
Installing jekyll-watch 1.2.0 (was 1.1.0)
Installing kramdown 1.5.0 (was 1.4.1)
Using liquid 2.6.1
Installing mercenary 0.3.5 (was 0.3.4)
Using posix-spawn 0.3.9
Using yajl-ruby 1.1.0
Using pygments.rb 0.6.0
Installing redcarpet 3.2.2 (was 3.1.2)
Installing safe_yaml 1.0.4 (was 1.0.3)
Using parslet 1.5.0
Installing toml 0.1.2 (was 0.1.1)
Installing jekyll 2.5.3 (was 2.3.0)
Installing jekyll-sitemap 0.7.0 (was 0.5.1)
Installing octopress-hooks 2.2.3 (was 2.2.1)
Installing octopress-date-format 2.0.2 (was 2.0.1)
Installing rack 1.6.0 (was 1.5.2)
Using rack-protection 1.5.3
Using rubypants 0.2.0
Using sass-globbing 1.0.0
Using sinatra 1.4.5
Using stringex 1.4.0
Using wdm 0.1.0
Using bundler 1.7.2
<span class="HLCode">Your bundle is updated!</span>
</code></pre>

<h2 id="lessons-learnt">Lessons learnt</h2>

<p>To save space in the hard disk, I removed the old versions of gems
with a short and simple command.</p>

<pre class="cli"><code><span class="GitHostName">Owner@OWNER-PC</span> <span class="GitPathName">/c/github/vincenttam.github.io (source)</span>
$ gem cleanup
Cleaning up installed gems...
Attempting to uninstall rake-10.3.2
Successfully uninstalled rake-10.3.2
Attempting to uninstall rack-1.5.2
Successfully uninstalled rack-1.5.2
Attempting to uninstall octopress-date-format-2.0.1
Successfully uninstalled octopress-date-format-2.0.1
Attempting to uninstall octopress-hooks-2.2.1
Successfully uninstalled octopress-hooks-2.2.1
Attempting to uninstall jekyll-sitemap-0.5.1
Successfully uninstalled jekyll-sitemap-0.5.1
Attempting to uninstall jekyll-2.3.0
Successfully uninstalled jekyll-2.3.0
Attempting to uninstall jekyll-watch-1.1.0
Successfully uninstalled jekyll-watch-1.1.0
Attempting to uninstall listen-2.7.9
Successfully uninstalled listen-2.7.9
Attempting to uninstall jekyll-sass-converter-1.2.0
Successfully uninstalled jekyll-sass-converter-1.2.0
Attempting to uninstall jekyll-coffeescript-1.0.0
Successfully uninstalled jekyll-coffeescript-1.0.0
Attempting to uninstall jekyll-paginate-1.0.0
Successfully uninstalled jekyll-paginate-1.0.0
Attempting to uninstall toml-0.1.1
Successfully uninstalled toml-0.1.1
Attempting to uninstall redcarpet-3.1.2
Successfully uninstalled redcarpet-3.1.2
Attempting to uninstall safe_yaml-1.0.3
Successfully uninstalled safe_yaml-1.0.3
Attempting to uninstall mercenary-0.3.4
Successfully uninstalled mercenary-0.3.4
Attempting to uninstall kramdown-1.4.1
Successfully uninstalled kramdown-1.4.1
Attempting to uninstall haml-4.0.5
Successfully uninstalled haml-4.0.5
Attempting to uninstall ffi-1.9.3-x64-mingw32
Successfully uninstalled ffi-1.9.3-x64-mingw32
Attempting to uninstall execjs-2.2.1
Successfully uninstalled execjs-2.2.1
Attempting to uninstall compass-0.12.7
Successfully uninstalled compass-0.12.7
Attempting to uninstall classifier-reborn-2.0.1
Successfully uninstalled classifier-reborn-2.0.1
Attempting to uninstall chunky_png-1.3.1
Successfully uninstalled chunky_png-1.3.1
Attempting to uninstall celluloid-0.15.2
Successfully uninstalled celluloid-0.15.2
Attempting to uninstall timers-1.1.0
Successfully uninstalled timers-1.1.0
Attempting to uninstall sass-3.2.19
Successfully uninstalled sass-3.2.19
<span class="HLCode">Clean Up Complete</span>
</code></pre>

<hr />

<div class="footnotes">
  <ol>
    <li id="fn:doc">
      <p><a href="http://octopress.org/docs/updating/">Updating Octopress</a> in <em>Octopress Documentation</em>. <a href="#fnref:doc" class="reversefootnote">&#8617;</a></p>
    </li>
  </ol>
</div>
]]></content>
    
  </entry>
  
  <entry>
    
      <title type="html"><![CDATA[Installed Prawn]]></title>
      <link href="https://vincenttam.github.io/blog/2014/11/03/installed-prawn/"/>
    
    <updated>2014-11-03T04:21:34+00:00</updated>
    <id>https://vincenttam.github.io/blog/2014/11/03/installed-prawn</id>
    
      <content type="html"><![CDATA[<h2 id="problem">Problem</h2>

<p>This noon, I tried to use the <a href="http://kramdown.gettalong.org/documentation.html#usage">kramdown</a> command line utility to
generate PDF files, but failed.</p>

<pre class="cliUB"><code>$ kramdown test.tex -o pdf &gt; test.pdf
/home/owner/.rvm/rubies/ruby-2.1.2/lib/ruby/site_ruby/2.1.0/rubygems/core_ext/ke
rnel_require.rb:55:in `require': cannot load such file -- prawn (LoadError)
	from /home/owner/.rvm/rubies/ruby-2.1.2/lib/ruby/site_ruby/2.1.0/rubygem
s/core_ext/kernel_require.rb:55:in `require'
	from /home/owner/.rvm/gems/ruby-2.1.2/gems/kramdown-1.4.1/lib/kramdown/c
onverter/pdf.rb:10:in `&lt;top (required)&gt;'
	from /home/owner/.rvm/gems/ruby-2.1.2/gems/kramdown-1.4.1/lib/kramdown/d
ocument.rb:119:in `const_defined?'
	from /home/owner/.rvm/gems/ruby-2.1.2/gems/kramdown-1.4.1/lib/kramdown/d
ocument.rb:119:in `method_missing'
	from /home/owner/.rvm/gems/ruby-2.1.2/gems/kramdown-1.4.1/bin/kramdown:6
1:in `block in &lt;top (required)&gt;'
	from /home/owner/.rvm/gems/ruby-2.1.2/gems/kramdown-1.4.1/bin/kramdown:6
1:in `each'
	from /home/owner/.rvm/gems/ruby-2.1.2/gems/kramdown-1.4.1/bin/kramdown:6
1:in `&lt;top (required)&gt;'
	from /home/owner/.rvm/gems/ruby-2.1.2/bin/kramdown:23:in `load'
	from /home/owner/.rvm/gems/ruby-2.1.2/bin/kramdown:23:in `&lt;main&gt;'
	from /home/owner/.rvm/gems/ruby-2.1.2/bin/ruby_executable_hooks:15:in `e
val'
	from /home/owner/.rvm/gems/ruby-2.1.2/bin/ruby_executable_hooks:15:in `&lt;
main&gt;'
</code></pre>

<!-- more -->

<h2 id="attempt">Attempt</h2>

<p>I searched Google for “kramdown pdf”, and find
<a href="http://stackoverflow.com/a/4377892" title="How to generate PDF from markdown using pure ruby">this question</a> useful.  It linked to a page introducing
<a href="http://prawn.majesticseacreature.com/">Prawn</a>.</p>

<p>I used the testing code there to figure out that the above problem had
arised because I <em>didn’t</em> install the Ruby gem.</p>

<pre class="cliUB"><code>$ gem install prawn
Fetching: ttfunk-1.4.0.gem (100%)
Successfully installed ttfunk-1.4.0
Fetching: pdf-core-0.4.0.gem (100%)
Successfully installed pdf-core-0.4.0
Fetching: prawn-1.3.0.gem (100%)

  ********************************************


  A lot has changed recently in Prawn.

  Please read the changelog for details:

  https://github.com/prawnpdf/prawn/wiki/CHANGELOG


  ********************************************

Successfully installed prawn-1.3.0
3 gems installed
</code></pre>

<p>But I still <em>can’t</em> run the sample code correctly.  Finally, I use
<a href="http://johnmacfarlane.net/pandoc/">pandoc</a>.</p>

]]></content>
    
  </entry>
  
  <entry>
    
      <title type="html"><![CDATA[Install Ruby Again! (2)]]></title>
      <link href="https://vincenttam.github.io/blog/2014/08/13/install-ruby-again-2/"/>
    
    <updated>2014-08-13T13:26:05+01:00</updated>
    <id>https://vincenttam.github.io/blog/2014/08/13/install-ruby-again-2</id>
    
      <content type="html"><![CDATA[<p>I installed Ruby 2.1.2 so as to build Octopress on top of it.
Luckily, the installation was successful.</p>

<p><img src="/images/posts/Ruby212/rvm-install.png" alt="Installed Ruby 2.1.2 in the terminal" /></p>

<p>This afternoon, I tried running <code>rake</code> on Ruby 2.1.2.  Unluckily, I
failed.</p>

<!-- more -->

<p><img src="/images/posts/Ruby212/gen-failed.png" alt="`rake generate` failed" /></p>

<p>The above problem could be fixed by simply changing <code>nil</code> to <code>null</code> at
the second line of <code>source/_includes/custom/category_feed.xml</code>, so
it’s <em>not</em> really a problem.</p>

<p>First, the image popup plugin complained about the new version of gems.</p>

<p>I tried to replace all <code>imgpopup</code> by <code>img</code> to find further problems
first.</p>

<pre class="cli"><code class="UBMono">[owner@localhost ~/octopress]$ rake generate
## Generating Site with Jekyll
<span class="rake_gen_unchanged">unchanged</span> sass/print.scss
<span class="rake_gen_identical">identical</span> source/stylesheets/screen.css 
Configuration file: /home/owner/octopress/_config.yml
            Source: source
       Destination: public
      Generating... 
<span class="err">Liquid Exception: undefined method `safe_wrap' for #&lt;&lt;Jekyll::ImgPopup:0xa45c82
4&gt;&gt; in _posts/2013-08-16-edit-latex-equations-in-vim.html/#excerpt</span>
jekyll 2.3.0 | Error:  undefined method `safe_wrap' for #&lt;&lt;Jekyll::ImgPopup:0xa4
5c824&gt;&gt;
</code></pre>

<p>Second, it’s the <code>gsub</code> method <em>again</em>!  I’m sorry to that I has been
tired of reading Ruby’s documentation, so I decided to reset my commit
history to the tip of <code>origin/source</code>, and revert the default RVM
version to 1.9.3 <em>again</em> by <code>rvm use --default 1.9.3</code>.</p>

]]></content>
    
  </entry>
  
  <entry>
    
      <title type="html"><![CDATA[Fixing Broken URLs in the Catetory List]]></title>
      <link href="https://vincenttam.github.io/blog/2014/06/20/fixing-broken-urls-in-the-catetory-list/"/>
    
    <updated>2014-06-20T16:51:06+01:00</updated>
    <id>https://vincenttam.github.io/blog/2014/06/20/fixing-broken-urls-in-the-catetory-list</id>
    
      <content type="html"><![CDATA[<p>(Added on AUG 20, 2014)</p>

<p>Since the update of Octopress source code, this post <em>won’t</em> make
sense anymore.  I <em>can’t</em> find a way to use MathJax in category list
entries anymore because <code>category</code> in <code>plugins/category_generator.rb</code>
and <code>plugins/category_list_tag.rb</code> have both been changed to <em>lower
case</em>.  I <em>don’t</em> know how to track the Ruby code to revert it.</p>

<!-- more -->

<h2 id="background">Background</h2>

<p>I imported some posts in <a href="https://blogue.wordpress.com/">my old blog on WordPress.com</a>,
and some categories like “$\rm \LaTeX$-Suite” <em>weren’t</em> displayed
properly.  Moreover, the link for some categories like “C/C++” was
<em>dead</em> in <a href="http://www.dotnetguy.co.uk/post/2012/06/25/octopress-category-list-plugin/">Watson’s Category List Plugin</a>.</p>

<p><img class="fancybox" src="/images/posts/CatList/CatList404.png" width="800" title="‘Dead links in category list’ ‘fig1’" ></p>

<p>Unlike two months ago<sup id="fnref:1"><a href="#fn:1" class="footnote">1</a></sup>, I now think that it’s better for me to find
out why the catergory list <em>failed</em> to generate a correct URL for a
category page, but the default links for category pages in the blog
archive are <em>right</em>.</p>

<p><img class="fancybox" src="/images/posts/CatList/CatListURL.png" width="800" title="‘Correct links in blog archive’ ‘fig2’" ></p>

<p>I certainly know the precise location of the part of
<code>plugins/category_list_tag.rb</code> that has generated the <em>erroneous</em>
links for some category pages.</p>

<pre><code>category_url = File.join(category_dir, category.gsub(/_|\P{Word}/, '-').gsub(/-{2,}/, '-').downcase)
</code></pre>

<h2 id="finding-the-solution">Finding the solution</h2>

<p>I tried to browse the code in <code>plugins/category_generator.rb</code> to find
out Octopress’s way of generating the URL of categories and what’s
wrong with the above method to extract <code>category_url</code>.</p>

<p>At the beginning, I saw <code>category_dir</code>, and used <code>*</code> and <code>n</code> in Vim to
explore the script.  I did so because in
<code>plugins/category_list_tag.rb</code>, <code>category_dir</code> was a part of
<code>category_url</code>.  I jumped through the <code>category_dir</code>s for a few times
since they <em>weren’t</em> related to the generation of the URL for a
category page.  When the cursor was at line 109, I discovered the word
<code>category.to_url</code>. I typed <code>*</code> on <code>to_url</code>, and was brought to line
176.  This <code>category.to_url</code> was in <code>category_link</code> method.  From the
<code>&lt;a&gt;</code> tag inside this method, I’m sure that I should give <code>to_url</code> a
try.</p>

<pre><code>"&lt;a class='category' href='https://vincenttam.github.io/#{dir}/#{category.to_url}/'&gt;#{category}&lt;/a&gt;"
</code></pre>

<h2 id="verifying-my-guess">Verifying my guess</h2>

<p>To test if my guess is correct, I used to most primitive method for
debugging: insert <code>puts category + ": " + category.to_url</code> below the
line that defined <code>category_url</code> in <code>plugins/category_list_tag.rb</code>.
After that, I generated and previewed the site.</p>

<p>For the terminal output, I could see that <code>catergory</code> was the name of
the a category, while <code>category_url</code> was part of the correct URL for
a category page.  Therefore, in <code>plugins/category_list_tag.rb</code>, the
method that generated <code>category_url</code> should be changed like this:</p>

<pre><code>category_url = File.join(category_dir, category.to_url)
</code></pre>

<hr />

<div class="footnotes">
  <ol>
    <li id="fn:1">

      <p>Last month, I used a specfic way to get things work.</p>

      <p><blockquote><p>As I am not going to spend most of my time to study IT, I aimed at merely changing “LaTeX” to “$\rm \LaTeX$”.</p><footer><strong>Me</strong> <cite><a href='https://vincenttam.github.io/blog/2014/05/24/using-mathjax-in-category-list-entries/'>Using MathJax in Category List Entries</a></cite></footer></blockquote> <a href="#fnref:1" class="reversefootnote">&#8617;</a></p>
    </li>
  </ol>
</div>
]]></content>
    
  </entry>
  
</feed>
